d:\builder\c++\logwatcher\64bit version\v1.3\logwatcher\logwatcher\x64\release\database.obj
d:\builder\c++\logwatcher\64bit version\v1.3\logwatcher\logwatcher\x64\release\mystringlistmodel.obj
d:\builder\c++\logwatcher\64bit version\v1.3\logwatcher\logwatcher\x64\release\filedata.obj
d:\builder\c++\logwatcher\64bit version\v1.3\logwatcher\logwatcher\x64\release\streampartfilesearcher.obj
d:\builder\c++\logwatcher\64bit version\v1.3\logwatcher\logwatcher\x64\release\logwatcher.obj
d:\builder\c++\logwatcher\64bit version\v1.3\logwatcher\logwatcher\x64\release\datawidgetmapper.obj
d:\builder\c++\logwatcher\64bit version\v1.3\logwatcher\logwatcher\x64\release\streampartfilereader.obj
d:\builder\c++\logwatcher\64bit version\v1.3\logwatcher\logwatcher\x64\release\core.obj
d:\builder\c++\logwatcher\64bit version\v1.3\logwatcher\logwatcher\x64\release\main.obj
d:\builder\c++\logwatcher\64bit version\v1.3\logwatcher\logwatcher\x64\release\dlgcomment.obj
d:\builder\c++\logwatcher\64bit version\v1.3\logwatcher\logwatcher\x64\release\streampartfileanalyz.obj
d:\builder\c++\logwatcher\64bit version\v1.3\logwatcher\logwatcher\x64\release\dlgedit.obj
d:\builder\c++\logwatcher\64bit version\v1.3\logwatcher\logwatcher\x64\release\srchdlg.obj
d:\builder\c++\logwatcher\64bit version\v1.3\logwatcher\logwatcher\x64\release\moc_dlgedit.obj
d:\builder\c++\logwatcher\64bit version\v1.3\logwatcher\logwatcher\x64\release\moc_dlgedit.asm
d:\builder\c++\logwatcher\64bit version\v1.3\logwatcher\logwatcher\x64\release\moc_database.obj
d:\builder\c++\logwatcher\64bit version\v1.3\logwatcher\logwatcher\x64\release\moc_database.asm
d:\builder\c++\logwatcher\64bit version\v1.3\logwatcher\logwatcher\x64\release\moc_dlgcomment.obj
d:\builder\c++\logwatcher\64bit version\v1.3\logwatcher\logwatcher\x64\release\moc_dlgcomment.asm
d:\builder\c++\logwatcher\64bit version\v1.3\logwatcher\logwatcher\x64\release\moc_logwatcher.obj
d:\builder\c++\logwatcher\64bit version\v1.3\logwatcher\logwatcher\x64\release\moc_logwatcher.asm
d:\builder\c++\logwatcher\64bit version\v1.3\logwatcher\logwatcher\x64\release\moc_srchdlg.obj
d:\builder\c++\logwatcher\64bit version\v1.3\logwatcher\logwatcher\x64\release\moc_srchdlg.asm
d:\builder\c++\logwatcher\64bit version\v1.3\logwatcher\logwatcher\x64\release\moc_datawidgetmapper.obj
d:\builder\c++\logwatcher\64bit version\v1.3\logwatcher\logwatcher\x64\release\moc_datawidgetmapper.asm
d:\builder\c++\logwatcher\64bit version\v1.3\logwatcher\logwatcher\x64\release\qrc_logwatcher.obj
d:\builder\c++\logwatcher\64bit version\v1.3\logwatcher\logwatcher\x64\release\qrc_logwatcher.asm
d:\builder\c++\logwatcher\64bit version\v1.3\logwatcher\x64\release\logwatcher.exe
d:\builder\c++\logwatcher\64bit version\v1.3\logwatcher\logwatcher\x64\release\uic\ui_datawidgetmapper.h
d:\builder\c++\logwatcher\64bit version\v1.3\logwatcher\logwatcher\x64\release\uic\ui_dlgcomment.h
d:\builder\c++\logwatcher\64bit version\v1.3\logwatcher\logwatcher\x64\release\uic\ui_dlgedit.h
d:\builder\c++\logwatcher\64bit version\v1.3\logwatcher\logwatcher\x64\release\uic\ui_logwatcher.h
d:\builder\c++\logwatcher\64bit version\v1.3\logwatcher\logwatcher\x64\release\uic\ui_srchdlg.h
d:\builder\c++\logwatcher\64bit version\v1.3\logwatcher\logwatcher\x64\release\rcc\qrc_logwatcher.cpp
d:\builder\c++\logwatcher\64bit version\v1.3\logwatcher\logwatcher\x64\release\moc\moc_logwatcher.cpp
d:\builder\c++\logwatcher\64bit version\v1.3\logwatcher\logwatcher\x64\release\moc\moc_srchdlg.cpp
d:\builder\c++\logwatcher\64bit version\v1.3\logwatcher\logwatcher\x64\release\moc\moc_dlgedit.cpp
d:\builder\c++\logwatcher\64bit version\v1.3\logwatcher\logwatcher\x64\release\moc\moc_dlgcomment.cpp
d:\builder\c++\logwatcher\64bit version\v1.3\logwatcher\logwatcher\x64\release\moc\moc_datawidgetmapper.cpp
d:\builder\c++\logwatcher\64bit version\v1.3\logwatcher\logwatcher\x64\release\moc\moc_database.cpp
d:\builder\c++\logwatcher\64bit version\v1.3\logwatcher\logwatcher\x64\release\\moc\\moc_logwatcher.cpp
d:\builder\c++\logwatcher\64bit version\v1.3\logwatcher\logwatcher\x64\release\\moc\\moc_srchdlg.cpp
d:\builder\c++\logwatcher\64bit version\v1.3\logwatcher\logwatcher\x64\release\\moc\\moc_dlgedit.cpp
d:\builder\c++\logwatcher\64bit version\v1.3\logwatcher\logwatcher\x64\release\\moc\\moc_datawidgetmapper.cpp
d:\builder\c++\logwatcher\64bit version\v1.3\logwatcher\logwatcher\x64\release\\moc\\moc_database.cpp
d:\builder\c++\logwatcher\64bit version\v1.3\logwatcher\logwatcher\x64\release\\moc\\moc_dlgcomment.cpp
d:\builder\c++\logwatcher\64bit version\v1.3\logwatcher\logwatcher\x64\release\\rcc\\qrc_logwatcher.cpp
d:\builder\c++\logwatcher\64bit version\v1.3\logwatcher\logwatcher\x64\release\\uic\\ui_datawidgetmapper.h
d:\builder\c++\logwatcher\64bit version\v1.3\logwatcher\logwatcher\x64\release\\uic\\ui_dlgcomment.h
d:\builder\c++\logwatcher\64bit version\v1.3\logwatcher\logwatcher\x64\release\\uic\\ui_dlgedit.h
d:\builder\c++\logwatcher\64bit version\v1.3\logwatcher\logwatcher\x64\release\\uic\\ui_logwatcher.h
d:\builder\c++\logwatcher\64bit version\v1.3\logwatcher\logwatcher\x64\release\\uic\\ui_srchdlg.h
d:\builder\c++\logwatcher\64bit version\v1.3\logwatcher\logwatcher\x64\release\logwatcher.tlog\cl.command.1.tlog
d:\builder\c++\logwatcher\64bit version\v1.3\logwatcher\logwatcher\x64\release\logwatcher.tlog\cl.read.1.tlog
d:\builder\c++\logwatcher\64bit version\v1.3\logwatcher\logwatcher\x64\release\logwatcher.tlog\cl.write.1.tlog
d:\builder\c++\logwatcher\64bit version\v1.3\logwatcher\logwatcher\x64\release\logwatcher.tlog\link.command.1.tlog
d:\builder\c++\logwatcher\64bit version\v1.3\logwatcher\logwatcher\x64\release\logwatcher.tlog\link.read.1.tlog
d:\builder\c++\logwatcher\64bit version\v1.3\logwatcher\logwatcher\x64\release\logwatcher.tlog\link.write.1.tlog
d:\builder\c++\logwatcher\64bit version\v1.3\logwatcher\logwatcher\x64\release\logwatcher.tlog\logwatcher.write.1u.tlog
d:\builder\c++\logwatcher\64bit version\v1.3\logwatcher\logwatcher\x64\release\logwatcher.tlog\moc.read.1u.tlog
d:\builder\c++\logwatcher\64bit version\v1.3\logwatcher\logwatcher\x64\release\logwatcher.tlog\moc.write.1u.tlog
d:\builder\c++\logwatcher\64bit version\v1.3\logwatcher\logwatcher\x64\release\logwatcher.tlog\rcc.read.1u.tlog
d:\builder\c++\logwatcher\64bit version\v1.3\logwatcher\logwatcher\x64\release\logwatcher.tlog\rcc.write.1u.tlog
d:\builder\c++\logwatcher\64bit version\v1.3\logwatcher\logwatcher\x64\release\logwatcher.tlog\uic.read.1u.tlog
d:\builder\c++\logwatcher\64bit version\v1.3\logwatcher\logwatcher\x64\release\logwatcher.tlog\uic.write.1u.tlog
